28-Feb-2022 13:27:37.655 WARNING [main] org.apache.catalina.core.StandardServer.await 유효하지 않은 셧다운 명령 []을(를) 받았습니다.
28-Feb-2022 13:27:46.992 INFO [Catalina-utility-1] org.apache.catalina.startup.HostConfig.deployDirectory 웹 애플리케이션 디렉토리 [/usr/local/apache-tomcat-10.0.16/webapps/Gradle___com_example___OmikujiServlet_1_0_SNAPSHOT_war]을(를) 배치합니다.
28-Feb-2022 13:27:47.259 INFO [Catalina-utility-1] org.apache.catalina.startup.HostConfig.deployDirectory 웹 애플리케이션 디렉토리 [/usr/local/apache-tomcat-10.0.16/webapps/Gradle___com_example___OmikujiServlet_1_0_SNAPSHOT_war]에 대한 배치가 [251] 밀리초에 완료되었습니다.
28-Feb-2022 13:29:24.406 WARNING [main] org.apache.catalina.core.StandardServer.await 유효하지 않은 셧다운 명령 []을(를) 받았습니다.
28-Feb-2022 13:51:03.720 WARNING [main] org.apache.catalina.core.StandardServer.await 유효하지 않은 셧다운 명령 []을(를) 받았습니다.
28-Feb-2022 13:51:57.149 WARNING [main] org.apache.catalina.core.StandardServer.await 유효하지 않은 셧다운 명령 []을(를) 받았습니다.
28-Feb-2022 13:52:00.727 INFO [Catalina-utility-1] org.apache.catalina.startup.HostConfig.deployDirectory 웹 애플리케이션 디렉토리 [/usr/local/apache-tomcat-10.0.16/webapps/OmikujiServlet]을(를) 배치합니다.
28-Feb-2022 13:52:00.840 INFO [Catalina-utility-1] org.apache.catalina.startup.HostConfig.deployDirectory 웹 애플리케이션 디렉토리 [/usr/local/apache-tomcat-10.0.16/webapps/OmikujiServlet]에 대한 배치가 [113] 밀리초에 완료되었습니다.
28-Feb-2022 13:52:45.885 WARNING [main] org.apache.catalina.core.StandardServer.await 유효하지 않은 셧다운 명령 []을(를) 받았습니다.
28-Feb-2022 13:52:50.901 INFO [Catalina-utility-1] org.apache.catalina.startup.HostConfig.reload 컨텍스트 []을(를) 다시 로드합니다.
28-Feb-2022 13:52:50.903 INFO [Catalina-utility-1] org.apache.catalina.core.StandardContext.reload 이름이 []인 컨텍스트를 다시 로드하는 작업이 시작되었습니다.
28-Feb-2022 13:52:51.089 INFO [Catalina-utility-1] org.apache.catalina.core.StandardContext.reload 이름이 []인 컨텍스트를 다시 로드하는 것을 완료했습니다.
28-Feb-2022 14:50:07.228 WARNING [main] org.apache.catalina.core.StandardServer.await 유효하지 않은 셧다운 명령 []을(를) 받았습니다.
28-Feb-2022 14:56:11.601 WARNING [main] org.apache.catalina.core.StandardServer.await 유효하지 않은 셧다운 명령 []을(를) 받았습니다.
28-Feb-2022 15:04:30.743 WARNING [main] org.apache.catalina.core.StandardServer.await 유효하지 않은 셧다운 명령 []을(를) 받았습니다.
28-Feb-2022 15:06:11.713 WARNING [main] org.apache.catalina.core.StandardServer.await 유효하지 않은 셧다운 명령 []을(를) 받았습니다.
28-Feb-2022 15:19:54.405 WARNING [main] org.apache.catalina.core.StandardServer.await 유효하지 않은 셧다운 명령 []을(를) 받았습니다.
28-Feb-2022 15:19:57.004 INFO [Catalina-utility-2] org.apache.catalina.startup.HostConfig.reload 컨텍스트 []을(를) 다시 로드합니다.
28-Feb-2022 15:19:57.004 INFO [Catalina-utility-2] org.apache.catalina.core.StandardContext.reload 이름이 []인 컨텍스트를 다시 로드하는 작업이 시작되었습니다.
28-Feb-2022 15:19:57.578 INFO [Catalina-utility-2] org.apache.catalina.core.StandardContext.reload 이름이 []인 컨텍스트를 다시 로드하는 것을 완료했습니다.
28-Feb-2022 15:22:11.054 WARNING [main] org.apache.catalina.core.StandardServer.await 유효하지 않은 셧다운 명령 []을(를) 받았습니다.
28-Feb-2022 15:22:17.689 INFO [Catalina-utility-1] org.apache.catalina.startup.HostConfig.reload 컨텍스트 []을(를) 다시 로드합니다.
28-Feb-2022 15:22:17.689 INFO [Catalina-utility-1] org.apache.catalina.core.StandardContext.reload 이름이 []인 컨텍스트를 다시 로드하는 작업이 시작되었습니다.
28-Feb-2022 15:22:17.798 INFO [Catalina-utility-1] org.apache.catalina.core.StandardContext.reload 이름이 []인 컨텍스트를 다시 로드하는 것을 완료했습니다.
28-Feb-2022 15:24:26.527 WARNING [main] org.apache.catalina.core.StandardServer.await 유효하지 않은 셧다운 명령 []을(를) 받았습니다.
28-Feb-2022 15:29:12.629 WARNING [main] org.apache.catalina.core.StandardServer.await 유효하지 않은 셧다운 명령 []을(를) 받았습니다.
28-Feb-2022 15:31:33.708 WARNING [main] org.apache.catalina.core.StandardServer.await 유효하지 않은 셧다운 명령 []을(를) 받았습니다.
28-Feb-2022 15:32:26.385 WARNING [main] org.apache.catalina.core.StandardServer.await 유효하지 않은 셧다운 명령 []을(를) 받았습니다.
28-Feb-2022 15:35:09.504 WARNING [main] org.apache.catalina.core.StandardServer.await 유효하지 않은 셧다운 명령 []을(를) 받았습니다.
28-Feb-2022 15:37:54.207 WARNING [main] org.apache.catalina.core.StandardServer.await 유효하지 않은 셧다운 명령 []을(를) 받았습니다.
28-Feb-2022 21:28:10.070 WARNING [main] org.apache.catalina.core.StandardServer.await 유효하지 않은 셧다운 명령 []을(를) 받았습니다.
28-Feb-2022 21:41:43.884 INFO [Catalina-utility-2] org.apache.catalina.startup.HostConfig.undeploy 컨텍스트 []의 배치를 제거합니다.
28-Feb-2022 21:55:53.289 WARNING [main] org.apache.catalina.core.StandardServer.await 유효하지 않은 셧다운 명령 []을(를) 받았습니다.
28-Feb-2022 21:56:45.371 WARNING [main] org.apache.catalina.core.StandardServer.await 유효하지 않은 셧다운 명령 []을(를) 받았습니다.
28-Feb-2022 21:56:54.732 INFO [Catalina-utility-2] org.apache.catalina.startup.HostConfig.deployDirectory 웹 애플리케이션 디렉토리 [/usr/local/apache-tomcat-10.0.16/webapps/ROOT]을(를) 배치합니다.
28-Feb-2022 21:56:54.898 INFO [Catalina-utility-2] org.apache.catalina.startup.HostConfig.deployDirectory 웹 애플리케이션 디렉토리 [/usr/local/apache-tomcat-10.0.16/webapps/ROOT]에 대한 배치가 [167] 밀리초에 완료되었습니다.
28-Feb-2022 21:57:18.118 WARNING [main] org.apache.catalina.core.StandardServer.await 유효하지 않은 셧다운 명령 []을(를) 받았습니다.
28-Feb-2022 21:57:46.429 WARNING [main] org.apache.catalina.core.StandardServer.await 유효하지 않은 셧다운 명령 []을(를) 받았습니다.
28-Feb-2022 21:58:52.325 WARNING [main] org.apache.catalina.core.StandardServer.await 유효하지 않은 셧다운 명령 []을(를) 받았습니다.
28-Feb-2022 21:59:25.868 WARNING [main] org.apache.catalina.core.StandardServer.await 유효하지 않은 셧다운 명령 []을(를) 받았습니다.
28-Feb-2022 21:59:55.423 WARNING [main] org.apache.catalina.core.StandardServer.await 유효하지 않은 셧다운 명령 []을(를) 받았습니다.
28-Feb-2022 22:00:34.683 WARNING [main] org.apache.catalina.core.StandardServer.await 유효하지 않은 셧다운 명령 []을(를) 받았습니다.
28-Feb-2022 22:01:07.779 WARNING [main] org.apache.catalina.core.StandardServer.await 유효하지 않은 셧다운 명령 []을(를) 받았습니다.
28-Feb-2022 22:01:42.677 WARNING [main] org.apache.catalina.core.StandardServer.await 유효하지 않은 셧다운 명령 []을(를) 받았습니다.
28-Feb-2022 22:02:55.694 WARNING [main] org.apache.catalina.core.StandardServer.await 유효하지 않은 셧다운 명령 []을(를) 받았습니다.
28-Feb-2022 22:03:32.448 WARNING [main] org.apache.catalina.core.StandardServer.await 유효하지 않은 셧다운 명령 []을(를) 받았습니다.
28-Feb-2022 22:04:41.885 WARNING [main] org.apache.catalina.core.StandardServer.await 유효하지 않은 셧다운 명령 []을(를) 받았습니다.
28-Feb-2022 22:13:24.593 WARNING [main] org.apache.catalina.core.StandardServer.await 유효하지 않은 셧다운 명령 []을(를) 받았습니다.
28-Feb-2022 22:13:59.843 WARNING [main] org.apache.catalina.core.StandardServer.await 유효하지 않은 셧다운 명령 []을(를) 받았습니다.
